1740184787.024970 client started (91218): version 3.0a, socket /tmp//tmux-1000/default, protocol 8
1740184787.025034 on Linux 5.15.0-131-generic #141~20.04.1-Ubuntu SMP Thu Jan 16 18:38:51 UTC 2025; libevent 2.1.11-stable (poll)
1740184787.025074 socket is /tmp//tmux-1000/default
1740184787.025110 trying connect
1740184787.025239 add peer 0x55c787ee7830: 6 ((nil))
1740184787.025398 sending message 100 to peer 0x55c787ee7830 (4 bytes)
1740184787.025419 sending message 101 to peer 0x55c787ee7830 (14 bytes)
1740184787.025432 sending message 102 to peer 0x55c787ee7830 (11 bytes)
1740184787.025465 sending message 108 to peer 0x55c787ee7830 (44 bytes)
1740184787.025483 sending message 104 to peer 0x55c787ee7830 (0 bytes)
1740184787.025496 sending message 107 to peer 0x55c787ee7830 (4 bytes)
1740184787.025508 sending message 105 to peer 0x55c787ee7830 (16 bytes)
1740184787.025520 sending message 105 to peer 0x55c787ee7830 (110 bytes)
1740184787.025531 sending message 105 to peer 0x55c787ee7830 (18 bytes)
1740184787.025544 sending message 105 to peer 0x55c787ee7830 (19 bytes)
1740184787.025556 sending message 105 to peer 0x55c787ee7830 (20 bytes)
1740184787.025567 sending message 105 to peer 0x55c787ee7830 (45 bytes)
1740184787.025578 sending message 105 to peer 0x55c787ee7830 (58 bytes)
1740184787.025589 sending message 105 to peer 0x55c787ee7830 (68 bytes)
1740184787.025600 sending message 105 to peer 0x55c787ee7830 (36 bytes)
1740184787.025611 sending message 105 to peer 0x55c787ee7830 (10 bytes)
1740184787.025622 sending message 105 to peer 0x55c787ee7830 (54 bytes)
1740184787.025634 sending message 105 to peer 0x55c787ee7830 (47 bytes)
1740184787.025645 sending message 105 to peer 0x55c787ee7830 (50 bytes)
1740184787.025662 sending message 105 to peer 0x55c787ee7830 (59 bytes)
1740184787.025673 sending message 105 to peer 0x55c787ee7830 (23 bytes)
1740184787.025684 sending message 105 to peer 0x55c787ee7830 (19 bytes)
1740184787.025695 sending message 105 to peer 0x55c787ee7830 (16 bytes)
1740184787.025706 sending message 105 to peer 0x55c787ee7830 (28 bytes)
1740184787.025717 sending message 105 to peer 0x55c787ee7830 (15 bytes)
1740184787.025729 sending message 105 to peer 0x55c787ee7830 (48 bytes)
1740184787.025740 sending message 105 to peer 0x55c787ee7830 (24 bytes)
1740184787.025751 sending message 105 to peer 0x55c787ee7830 (21 bytes)
1740184787.025762 sending message 105 to peer 0x55c787ee7830 (21 bytes)
1740184787.025772 sending message 105 to peer 0x55c787ee7830 (52 bytes)
1740184787.025783 sending message 105 to peer 0x55c787ee7830 (42 bytes)
1740184787.025795 sending message 105 to peer 0x55c787ee7830 (24 bytes)
1740184787.025806 sending message 105 to peer 0x55c787ee7830 (17 bytes)
1740184787.025818 sending message 105 to peer 0x55c787ee7830 (1506 bytes)
1740184787.025857 sending message 105 to peer 0x55c787ee7830 (24 bytes)
1740184787.025870 sending message 105 to peer 0x55c787ee7830 (27 bytes)
1740184787.025881 sending message 105 to peer 0x55c787ee7830 (33 bytes)
1740184787.025893 sending message 105 to peer 0x55c787ee7830 (13 bytes)
1740184787.025904 sending message 105 to peer 0x55c787ee7830 (52 bytes)
1740184787.025916 sending message 105 to peer 0x55c787ee7830 (23 bytes)
1740184787.025928 sending message 105 to peer 0x55c787ee7830 (21 bytes)
1740184787.025939 sending message 105 to peer 0x55c787ee7830 (32 bytes)
1740184787.025951 sending message 105 to peer 0x55c787ee7830 (30 bytes)
1740184787.025962 sending message 105 to peer 0x55c787ee7830 (23 bytes)
1740184787.025973 sending message 105 to peer 0x55c787ee7830 (19 bytes)
1740184787.025984 sending message 105 to peer 0x55c787ee7830 (51 bytes)
1740184787.025995 sending message 105 to peer 0x55c787ee7830 (28 bytes)
1740184787.026007 sending message 105 to peer 0x55c787ee7830 (18 bytes)
1740184787.026019 sending message 105 to peer 0x55c787ee7830 (13 bytes)
1740184787.026031 sending message 105 to peer 0x55c787ee7830 (15 bytes)
1740184787.026042 sending message 105 to peer 0x55c787ee7830 (22 bytes)
1740184787.026054 sending message 105 to peer 0x55c787ee7830 (50 bytes)
1740184787.026085 sending message 105 to peer 0x55c787ee7830 (11 bytes)
1740184787.026097 sending message 105 to peer 0x55c787ee7830 (8 bytes)
1740184787.026109 sending message 105 to peer 0x55c787ee7830 (14 bytes)
1740184787.026120 sending message 105 to peer 0x55c787ee7830 (11 bytes)
1740184787.026132 sending message 105 to peer 0x55c787ee7830 (17 bytes)
1740184787.026144 sending message 105 to peer 0x55c787ee7830 (31 bytes)
1740184787.026156 sending message 105 to peer 0x55c787ee7830 (30 bytes)
1740184787.026168 sending message 105 to peer 0x55c787ee7830 (19 bytes)
1740184787.026181 sending message 105 to peer 0x55c787ee7830 (83 bytes)
1740184787.026193 sending message 105 to peer 0x55c787ee7830 (22 bytes)
1740184787.026205 sending message 105 to peer 0x55c787ee7830 (196 bytes)
1740184787.026219 sending message 105 to peer 0x55c787ee7830 (54 bytes)
1740184787.026231 sending message 105 to peer 0x55c787ee7830 (59 bytes)
1740184787.026245 sending message 105 to peer 0x55c787ee7830 (36 bytes)
1740184787.026257 sending message 105 to peer 0x55c787ee7830 (31 bytes)
1740184787.026269 sending message 105 to peer 0x55c787ee7830 (12 bytes)
1740184787.026282 sending message 106 to peer 0x55c787ee7830 (0 bytes)
1740184787.026295 sending message 200 to peer 0x55c787ee7830 (4 bytes)
1740184787.026307 client loop enter
1740184787.027317 peer 0x55c787ee7830 message 211
1740184787.027358 client_write: sessions should be nested with care, unset $TMUX to force\n
1740184787.027387 peer 0x55c787ee7830 message 203
1740184787.027403 client loop exit
